<?xml version="1.0" encoding="UTF-8"?>
<!-- Generated by org.testng.reporters.JUnitReportReporter -->
<testsuite hostname="Aaryahi" failures="0" tests="1" name="TestCase.HomePage" time="0.015" errors="0" timestamp="2023-07-27T13:34:02 EDT" skipped="0">
  <testcase classname="TestCase.HomePage" name="Home" time="0.015"/>
</testsuite> <!-- TestCase.HomePage -->
