<?xml version="1.0" encoding="UTF-8"?>
<!-- Generated by org.testng.reporters.JUnitReportReporter -->
<testsuite hostname="Aaryahi" failures="0" tests="1" name="TestCase.TestSample" time="0.001" errors="0" timestamp="2023-07-28T12:38:30 EDT" skipped="0">
  <testcase classname="TestCase.TestSample" name="addToCart" time="0.001"/>
</testsuite> <!-- TestCase.TestSample -->
